<?xml version="1.0" encoding="UTF-8"?>
<testsuite name="com.boot.skaffold.BootifulSkaffoldApplicationTests" tests="1" skipped="0" failures="0" errors="0" timestamp="2020-01-30T17:22:53" hostname="INENROYN2L5C" time="0.391">
  <properties/>
  <testcase name="contextLoads()" classname="com.boot.skaffold.BootifulSkaffoldApplicationTests" time="0.391"/>
  <system-out><![CDATA[22:52:50.990 [Test worker] DEBUG org.springframework.test.context.BootstrapUtils - Instantiating CacheAwareContextLoaderDelegate from class [org.springframework.test.context.cache.DefaultCacheAwareContextLoaderDelegate]
22:52:51.012 [Test worker] DEBUG org.springframework.test.context.BootstrapUtils - Instantiating BootstrapContext using constructor [public org.springframework.test.context.support.DefaultBootstrapContext(java.lang.Class,org.springframework.test.context.CacheAwareContextLoaderDelegate)]
22:52:51.054 [Test worker] DEBUG org.springframework.test.context.BootstrapUtils - Instantiating TestContextBootstrapper for test class [com.boot.skaffold.BootifulSkaffoldApplicationTests] from class [org.springframework.boot.test.context.SpringBootTestContextBootstrapper]
22:52:51.090 [Test worker] INFO org.springframework.boot.test.context.SpringBootTestContextBootstrapper - Neither @ContextConfiguration nor @ContextHierarchy found for test class [com.boot.skaffold.BootifulSkaffoldApplicationTests], using SpringBootContextLoader
22:52:51.096 [Test worker] DEBUG org.springframework.test.context.support.AbstractContextLoader - Did not detect default resource location for test class [com.boot.skaffold.BootifulSkaffoldApplicationTests]: class path resource [com/boot/skaffold/BootifulSkaffoldApplicationTests-context.xml] does not exist
22:52:51.097 [Test worker] DEBUG org.springframework.test.context.support.AbstractContextLoader - Did not detect default resource location for test class [com.boot.skaffold.BootifulSkaffoldApplicationTests]: class path resource [com/boot/skaffold/BootifulSkaffoldApplicationTestsContext.groovy] does not exist
22:52:51.097 [Test worker] INFO org.springframework.test.context.support.AbstractContextLoader - Could not detect default resource locations for test class [com.boot.skaffold.BootifulSkaffoldApplicationTests]: no resource found for suffixes {-context.xml, Context.groovy}.
22:52:51.099 [Test worker] INFO org.springframework.test.context.support.AnnotationConfigContextLoaderUtils - Could not detect default configuration classes for test class [com.boot.skaffold.BootifulSkaffoldApplicationTests]: BootifulSkaffoldApplicationTests does not declare any static, non-private, non-final, nested classes annotated with @Configuration.
22:52:51.160 [Test worker] DEBUG org.springframework.test.context.support.ActiveProfilesUtils - Could not find an 'annotation declaring class' for annotation type [org.springframework.test.context.ActiveProfiles] and class [com.boot.skaffold.BootifulSkaffoldApplicationTests]
22:52:51.282 [Test worker] DEBUG org.springframework.context.annotation.ClassPathScanningCandidateComponentProvider - Identified candidate component class: file [C:\work\bootiful-skaffold\build\classes\java\main\com\boot\skaffold\BootifulSkaffoldApplication.class]
22:52:51.285 [Test worker] INFO org.springframework.boot.test.context.SpringBootTestContextBootstrapper - Found @SpringBootConfiguration com.boot.skaffold.BootifulSkaffoldApplication for test class com.boot.skaffold.BootifulSkaffoldApplicationTests
22:52:51.447 [Test worker] DEBUG org.springframework.boot.test.context.SpringBootTestContextBootstrapper - @TestExecutionListeners is not present for class [com.boot.skaffold.BootifulSkaffoldApplicationTests]: using defaults.
22:52:51.448 [Test worker] INFO org.springframework.boot.test.context.SpringBootTestContextBootstrapper - Loaded default TestExecutionListener class names from location [META-INF/spring.factories]: [org.springframework.boot.test.autoconfigure.restdocs.RestDocsTestExecutionListener, org.springframework.boot.test.autoconfigure.web.client.MockRestServiceServerResetTestExecutionListener, org.springframework.boot.test.autoconfigure.web.servlet.MockMvcPrintOnlyOnFailureTestExecutionListener, org.springframework.boot.test.autoconfigure.web.servlet.WebDriverTestExecutionListener, org.springframework.boot.test.mock.mockito.MockitoTestExecutionListener, org.springframework.boot.test.mock.mockito.ResetMocksTestExecutionListener, org.springframework.test.context.web.ServletTestExecutionListener, org.springframework.test.context.support.DirtiesContextBeforeModesTestExecutionListener, org.springframework.test.context.support.DependencyInjectionTestExecutionListener, org.springframework.test.context.support.DirtiesContextTestExecutionListener, org.springframework.test.context.transaction.TransactionalTestExecutionListener, org.springframework.test.context.jdbc.SqlScriptsTestExecutionListener, org.springframework.test.context.event.EventPublishingTestExecutionListener]
22:52:51.469 [Test worker] DEBUG org.springframework.boot.test.context.SpringBootTestContextBootstrapper - Skipping candidate TestExecutionListener [org.springframework.test.context.transaction.TransactionalTestExecutionListener] due to a missing dependency. Specify custom listener classes or make the default listener classes and their required dependencies available. Offending class: [org/springframework/transaction/interceptor/TransactionAttributeSource]
22:52:51.470 [Test worker] DEBUG org.springframework.boot.test.context.SpringBootTestContextBootstrapper - Skipping candidate TestExecutionListener [org.springframework.test.context.jdbc.SqlScriptsTestExecutionListener] due to a missing dependency. Specify custom listener classes or make the default listener classes and their required dependencies available. Offending class: [org/springframework/transaction/interceptor/TransactionAttribute]
22:52:51.471 [Test worker] INFO org.springframework.boot.test.context.SpringBootTestContextBootstrapper - Using TestExecutionListeners: [org.springframework.test.context.web.ServletTestExecutionListener@51fde381, org.springframework.test.context.support.DirtiesContextBeforeModesTestExecutionListener@79a19a5e, org.springframework.boot.test.mock.mockito.MockitoTestExecutionListener@6842efa0, org.springframework.boot.test.autoconfigure.SpringBootDependencyInjectionTestExecutionListener@7aa3703e, org.springframework.test.context.support.DirtiesContextTestExecutionListener@447c6500, org.springframework.test.context.event.EventPublishingTestExecutionListener@31fa64bb, org.springframework.boot.test.autoconfigure.restdocs.RestDocsTestExecutionListener@4e3ab2cb, org.springframework.boot.test.autoconfigure.web.client.MockRestServiceServerResetTestExecutionListener@2ff909b2, org.springframework.boot.test.autoconfigure.web.servlet.MockMvcPrintOnlyOnFailureTestExecutionListener@88a3d28, org.springframework.boot.test.autoconfigure.web.servlet.WebDriverTestExecutionListener@6ab75f3e, org.springframework.boot.test.mock.mockito.ResetMocksTestExecutionListener@71000449]
22:52:51.479 [Test worker] DEBUG org.springframework.test.context.support.AbstractDirtiesContextTestExecutionListener - Before test class: context [DefaultTestContext@4e438da2 testClass = BootifulSkaffoldApplicationTests, testInstance = [null], testMethod = [null], testException = [null], mergedContextConfiguration = [WebMergedContextConfiguration@6ea2aab2 testClass = BootifulSkaffoldApplicationTests, locations = '{}', classes = '{class com.boot.skaffold.BootifulSkaffoldApplication}', contextInitializerClasses = '[]', activeProfiles = '{}', propertySourceLocations = '{}', propertySourceProperties = '{org.springframework.boot.test.context.SpringBootTestContextBootstrapper=true}', contextCustomizers = set[org.springframework.boot.test.autoconfigure.properties.PropertyMappingContextCustomizer@0, org.springframework.boot.test.autoconfigure.web.servlet.WebDriverContextCustomizerFactory$Customizer@7f280880, org.springframework.boot.test.context.filter.ExcludeFilterContextCustomizer@484f9f54, org.springframework.boot.test.json.DuplicateJsonObjectContextCustomizerFactory$DuplicateJsonObjectContextCustomizer@2d58f9ea, org.springframework.boot.test.mock.mockito.MockitoContextCustomizer@0, org.springframework.boot.test.web.client.TestRestTemplateContextCustomizer@2cbaa016], resourceBasePath = 'src/main/webapp', contextLoader = 'org.springframework.boot.test.context.SpringBootContextLoader', parent = [null]], attributes = map['org.springframework.test.context.web.ServletTestExecutionListener.activateListener' -> true]], class annotated with @DirtiesContext [false] with mode [null].
22:52:51.522 [Test worker] DEBUG org.springframework.test.context.support.TestPropertySourceUtils - Adding inlined properties to environment: {spring.jmx.enabled=false, org.springframework.boot.test.context.SpringBootTestContextBootstrapper=true, server.port=-1}

  .   ____          _            __ _ _
 /\\ / ___'_ __ _ _(_)_ __  __ _ \ \ \ \
( ( )\___ | '_ | '_| | '_ \/ _` | \ \ \ \
 \\/  ___)| |_)| | | | | || (_| |  ) ) ) )
  '  |____| .__|_| |_|_| |_\__, | / / / /
 =========|_|==============|___/=/_/_/_/
 :: Spring Boot ::        (v2.2.4.RELEASE)

2020-01-30 22:52:51.876  INFO 30524 --- [    Test worker] c.b.s.BootifulSkaffoldApplicationTests   : Starting BootifulSkaffoldApplicationTests on INENROYN2L5C with PID 30524 (started by royn2 in C:\work\bootiful-skaffold)
2020-01-30 22:52:51.878  INFO 30524 --- [    Test worker] c.b.s.BootifulSkaffoldApplicationTests   : No active profile set, falling back to default profiles: default
2020-01-30 22:52:53.516  INFO 30524 --- [    Test worker] o.s.s.concurrent.ThreadPoolTaskExecutor  : Initializing ExecutorService 'applicationTaskExecutor'
2020-01-30 22:52:53.970  INFO 30524 --- [    Test worker] c.b.s.BootifulSkaffoldApplicationTests   : Started BootifulSkaffoldApplicationTests in 2.431 seconds (JVM running for 5.828)
]]></system-out>
  <system-err><![CDATA[]]></system-err>
</testsuite>
